<?xml version="1.0" encoding="UTF-8"?>
<!-- Generated by org.testng.reporters.JUnitXMLReporter -->
<testsuite hostname="ROG" ignored="0" name="Test" tests="11" failures="1" timestamp="22 Aug 2020 17:35:14 GMT" time="0.025" errors="0">
  <testcase name="test1" time="0.0" classname="selenium.Testing1"/>
  <testcase name="test1" time="0.0" classname="selenium.Testing1"/>
  <testcase name="test2" time="0.0" classname="selenium.Testing1"/>
  <testcase name="test3" time="0.0" classname="selenium.Testing1"/>
  <testcase name="xyz" time="0.0" classname="selenium.Testing1"/>
  <testcase name="xyz" time="0.0" classname="selenium.Testing1"/>
  <testcase name="test4" time="0.0" classname="selenium.Testing2"/>
  <testcase name="test5" time="0.0" classname="selenium.Testing2"/>
  <testcase name="homeTest" time="0.002" classname="selenium.Testing3">
    <failure type="java.lang.AssertionError" message="Verifying Element expected [true] but found [false]">
      <![CDATA[java.lang.AssertionError: Verifying Element expected [true] but found [false]
at selenium.Testing3.homeTest(Testing3.java:15)
... Removed 27 stack frames]]>
    </failure>
  </testcase> <!-- homeTest -->
  <testcase name="mainTest" time="0.0" classname="selenium.Testing3">
    <skipped/>
  </testcase> <!-- mainTest -->
  <testcase name="endTest" time="0.0" classname="selenium.Testing3">
    <skipped/>
  </testcase> <!-- endTest -->
</testsuite> <!-- Test -->
